[2026-02-08 22:42:02] production.ERROR: The /home/runner/work/kv-saas-crm-erp/kv-saas-crm-erp/bootstrap/cache directory must be present and writable. {"exception":"[object] (Exception(code: 0): The /home/runner/work/kv-saas-crm-erp/kv-saas-crm-erp/bootstrap/cache directory must be present and writable. at /home/runner/work/kv-saas-crm-erp/kv-saas-crm-erp/vendor/laravel/framework/src/Illuminate/Foundation/PackageManifest.php:179)
[stacktrace]
#0 /home/runner/work/kv-saas-crm-erp/kv-saas-crm-erp/vendor/laravel/framework/src/Illuminate/Foundation/PackageManifest.php(132): Illuminate\\Foundation\\PackageManifest->write()
#1 /home/runner/work/kv-saas-crm-erp/kv-saas-crm-erp/vendor/laravel/framework/src/Illuminate/Foundation/PackageManifest.php(108): Illuminate\\Foundation\\PackageManifest->build()
#2 /home/runner/work/kv-saas-crm-erp/kv-saas-crm-erp/vendor/laravel/framework/src/Illuminate/Foundation/PackageManifest.php(91): Illuminate\\Foundation\\PackageManifest->getManifest()
#3 /home/runner/work/kv-saas-crm-erp/kv-saas-crm-erp/vendor/laravel/framework/src/Illuminate/Foundation/PackageManifest.php(80): Illuminate\\Foundation\\PackageManifest->config()
#4 /home/runner/work/kv-saas-crm-erp/kv-saas-crm-erp/vendor/laravel/framework/src/Illuminate/Foundation/Bootstrap/RegisterFacades.php(26): Illuminate\\Foundation\\PackageManifest->aliases()
#5 /home/runner/work/kv-saas-crm-erp/kv-saas-crm-erp/vendor/laravel/framework/src/Illuminate/Foundation/Application.php(342): Illuminate\\Foundation\\Bootstrap\\RegisterFacades->bootstrap()
#6 /home/runner/work/kv-saas-crm-erp/kv-saas-crm-erp/vendor/laravel/framework/src/Illuminate/Foundation/Console/Kernel.php(474): Illuminate\\Foundation\\Application->bootstrapWith()
#7 /home/runner/work/kv-saas-crm-erp/kv-saas-crm-erp/vendor/laravel/framework/src/Illuminate/Foundation/Console/Kernel.php(196): Illuminate\\Foundation\\Console\\Kernel->bootstrap()
#8 /home/runner/work/kv-saas-crm-erp/kv-saas-crm-erp/artisan(35): Illuminate\\Foundation\\Console\\Kernel->handle()
#9 {main}
"} 
[2026-02-08 22:42:09] production.ERROR: Class "Modules\Tenancy\Providers\TenancyServiceProvider" not found {"exception":"[object] (Error(code: 0): Class \"Modules\\Tenancy\\Providers\\TenancyServiceProvider\" not found at /home/runner/work/kv-saas-crm-erp/kv-saas-crm-erp/vendor/laravel/framework/src/Illuminate/Foundation/ProviderRepository.php:206)
[stacktrace]
#0 /home/runner/work/kv-saas-crm-erp/kv-saas-crm-erp/vendor/laravel/framework/src/Illuminate/Foundation/ProviderRepository.php(142): Illuminate\\Foundation\\ProviderRepository->createProvider()
#1 /home/runner/work/kv-saas-crm-erp/kv-saas-crm-erp/vendor/laravel/framework/src/Illuminate/Foundation/ProviderRepository.php(61): Illuminate\\Foundation\\ProviderRepository->compileManifest()
#2 /home/runner/work/kv-saas-crm-erp/kv-saas-crm-erp/vendor/nwidart/laravel-modules/src/ModulesServiceProvider.php(34): Illuminate\\Foundation\\ProviderRepository->load()
#3 /home/runner/work/kv-saas-crm-erp/kv-saas-crm-erp/vendor/nwidart/laravel-modules/src/LaravelModulesServiceProvider.php(39): Nwidart\\Modules\\ModulesServiceProvider->registerModules()
#4 /home/runner/work/kv-saas-crm-erp/kv-saas-crm-erp/vendor/laravel/framework/src/Illuminate/Container/BoundMethod.php(36): Nwidart\\Modules\\LaravelModulesServiceProvider->boot()
#5 /home/runner/work/kv-saas-crm-erp/kv-saas-crm-erp/vendor/laravel/framework/src/Illuminate/Container/Util.php(43): Illuminate\\Container\\BoundMethod::Illuminate\\Container\\{closure}()
#6 /home/runner/work/kv-saas-crm-erp/kv-saas-crm-erp/vendor/laravel/framework/src/Illuminate/Container/BoundMethod.php(95): Illuminate\\Container\\Util::unwrapIfClosure()
#7 /home/runner/work/kv-saas-crm-erp/kv-saas-crm-erp/vendor/laravel/framework/src/Illuminate/Container/BoundMethod.php(35): Illuminate\\Container\\BoundMethod::callBoundMethod()
#8 /home/runner/work/kv-saas-crm-erp/kv-saas-crm-erp/vendor/laravel/framework/src/Illuminate/Container/Container.php(696): Illuminate\\Container\\BoundMethod::call()
#9 /home/runner/work/kv-saas-crm-erp/kv-saas-crm-erp/vendor/laravel/framework/src/Illuminate/Foundation/Application.php(1151): Illuminate\\Container\\Container->call()
#10 /home/runner/work/kv-saas-crm-erp/kv-saas-crm-erp/vendor/laravel/framework/src/Illuminate/Foundation/Application.php(1132): Illuminate\\Foundation\\Application->bootProvider()
#11 [internal function]: Illuminate\\Foundation\\Application->Illuminate\\Foundation\\{closure}()
#12 /home/runner/work/kv-saas-crm-erp/kv-saas-crm-erp/vendor/laravel/framework/src/Illuminate/Foundation/Application.php(1131): array_walk()
#13 /home/runner/work/kv-saas-crm-erp/kv-saas-crm-erp/vendor/laravel/framework/src/Illuminate/Foundation/Bootstrap/BootProviders.php(17): Illuminate\\Foundation\\Application->boot()
#14 /home/runner/work/kv-saas-crm-erp/kv-saas-crm-erp/vendor/laravel/framework/src/Illuminate/Foundation/Application.php(342): Illuminate\\Foundation\\Bootstrap\\BootProviders->bootstrap()
#15 /home/runner/work/kv-saas-crm-erp/kv-saas-crm-erp/vendor/laravel/framework/src/Illuminate/Foundation/Console/Kernel.php(474): Illuminate\\Foundation\\Application->bootstrapWith()
#16 /home/runner/work/kv-saas-crm-erp/kv-saas-crm-erp/vendor/laravel/framework/src/Illuminate/Foundation/Console/Kernel.php(196): Illuminate\\Foundation\\Console\\Kernel->bootstrap()
#17 /home/runner/work/kv-saas-crm-erp/kv-saas-crm-erp/artisan(35): Illuminate\\Foundation\\Console\\Kernel->handle()
#18 {main}
"} 
[2026-02-08 22:42:54] production.ERROR: Target class [Nwidart\Modules\Commands\CommandMakeCommand] does not exist. {"exception":"[object] (Illuminate\\Contracts\\Container\\BindingResolutionException(code: 0): Target class [Nwidart\\Modules\\Commands\\CommandMakeCommand] does not exist. at /home/runner/work/kv-saas-crm-erp/kv-saas-crm-erp/vendor/laravel/framework/src/Illuminate/Container/Container.php:961)
[stacktrace]
#0 /home/runner/work/kv-saas-crm-erp/kv-saas-crm-erp/vendor/laravel/framework/src/Illuminate/Container/Container.php(832): Illuminate\\Container\\Container->build()
#1 /home/runner/work/kv-saas-crm-erp/kv-saas-crm-erp/vendor/laravel/framework/src/Illuminate/Foundation/Application.php(1078): Illuminate\\Container\\Container->resolve()
#2 /home/runner/work/kv-saas-crm-erp/kv-saas-crm-erp/vendor/laravel/framework/src/Illuminate/Container/Container.php(763): Illuminate\\Foundation\\Application->resolve()
#3 /home/runner/work/kv-saas-crm-erp/kv-saas-crm-erp/vendor/laravel/framework/src/Illuminate/Foundation/Application.php(1058): Illuminate\\Container\\Container->make()
#4 /home/runner/work/kv-saas-crm-erp/kv-saas-crm-erp/vendor/laravel/framework/src/Illuminate/Console/Application.php(292): Illuminate\\Foundation\\Application->make()
#5 /home/runner/work/kv-saas-crm-erp/kv-saas-crm-erp/vendor/laravel/framework/src/Illuminate/Console/Application.php(306): Illuminate\\Console\\Application->resolve()
#6 /home/runner/work/kv-saas-crm-erp/kv-saas-crm-erp/vendor/laravel/framework/src/Illuminate/Support/ServiceProvider.php(473): Illuminate\\Console\\Application->resolveCommands()
#7 /home/runner/work/kv-saas-crm-erp/kv-saas-crm-erp/vendor/laravel/framework/src/Illuminate/Console/Application.php(134): Illuminate\\Support\\ServiceProvider->Illuminate\\Support\\{closure}()
#8 /home/runner/work/kv-saas-crm-erp/kv-saas-crm-erp/vendor/laravel/framework/src/Illuminate/Console/Application.php(81): Illuminate\\Console\\Application->bootstrap()
#9 /home/runner/work/kv-saas-crm-erp/kv-saas-crm-erp/vendor/laravel/framework/src/Illuminate/Foundation/Console/Kernel.php(540): Illuminate\\Console\\Application->__construct()
#10 /home/runner/work/kv-saas-crm-erp/kv-saas-crm-erp/vendor/laravel/framework/src/Illuminate/Foundation/Console/Kernel.php(198): Illuminate\\Foundation\\Console\\Kernel->getArtisan()
#11 /home/runner/work/kv-saas-crm-erp/kv-saas-crm-erp/artisan(35): Illuminate\\Foundation\\Console\\Kernel->handle()
#12 {main}

[previous exception] [object] (ReflectionException(code: -1): Class \"Nwidart\\Modules\\Commands\\CommandMakeCommand\" does not exist at /home/runner/work/kv-saas-crm-erp/kv-saas-crm-erp/vendor/laravel/framework/src/Illuminate/Container/Container.php:959)
[stacktrace]
#0 /home/runner/work/kv-saas-crm-erp/kv-saas-crm-erp/vendor/laravel/framework/src/Illuminate/Container/Container.php(959): ReflectionClass->__construct()
#1 /home/runner/work/kv-saas-crm-erp/kv-saas-crm-erp/vendor/laravel/framework/src/Illuminate/Container/Container.php(832): Illuminate\\Container\\Container->build()
#2 /home/runner/work/kv-saas-crm-erp/kv-saas-crm-erp/vendor/laravel/framework/src/Illuminate/Foundation/Application.php(1078): Illuminate\\Container\\Container->resolve()
#3 /home/runner/work/kv-saas-crm-erp/kv-saas-crm-erp/vendor/laravel/framework/src/Illuminate/Container/Container.php(763): Illuminate\\Foundation\\Application->resolve()
#4 /home/runner/work/kv-saas-crm-erp/kv-saas-crm-erp/vendor/laravel/framework/src/Illuminate/Foundation/Application.php(1058): Illuminate\\Container\\Container->make()
#5 /home/runner/work/kv-saas-crm-erp/kv-saas-crm-erp/vendor/laravel/framework/src/Illuminate/Console/Application.php(292): Illuminate\\Foundation\\Application->make()
#6 /home/runner/work/kv-saas-crm-erp/kv-saas-crm-erp/vendor/laravel/framework/src/Illuminate/Console/Application.php(306): Illuminate\\Console\\Application->resolve()
#7 /home/runner/work/kv-saas-crm-erp/kv-saas-crm-erp/vendor/laravel/framework/src/Illuminate/Support/ServiceProvider.php(473): Illuminate\\Console\\Application->resolveCommands()
#8 /home/runner/work/kv-saas-crm-erp/kv-saas-crm-erp/vendor/laravel/framework/src/Illuminate/Console/Application.php(134): Illuminate\\Support\\ServiceProvider->Illuminate\\Support\\{closure}()
#9 /home/runner/work/kv-saas-crm-erp/kv-saas-crm-erp/vendor/laravel/framework/src/Illuminate/Console/Application.php(81): Illuminate\\Console\\Application->bootstrap()
#10 /home/runner/work/kv-saas-crm-erp/kv-saas-crm-erp/vendor/laravel/framework/src/Illuminate/Foundation/Console/Kernel.php(540): Illuminate\\Console\\Application->__construct()
#11 /home/runner/work/kv-saas-crm-erp/kv-saas-crm-erp/vendor/laravel/framework/src/Illuminate/Foundation/Console/Kernel.php(198): Illuminate\\Foundation\\Console\\Kernel->getArtisan()
#12 /home/runner/work/kv-saas-crm-erp/kv-saas-crm-erp/artisan(35): Illuminate\\Foundation\\Console\\Kernel->handle()
#13 {main}
"} 
[2026-02-08 22:43:08] production.ERROR: Target class [Nwidart\Modules\Commands\CommandMakeCommand] does not exist. {"exception":"[object] (Illuminate\\Contracts\\Container\\BindingResolutionException(code: 0): Target class [Nwidart\\Modules\\Commands\\CommandMakeCommand] does not exist. at /home/runner/work/kv-saas-crm-erp/kv-saas-crm-erp/vendor/laravel/framework/src/Illuminate/Container/Container.php:961)
[stacktrace]
#0 /home/runner/work/kv-saas-crm-erp/kv-saas-crm-erp/vendor/laravel/framework/src/Illuminate/Container/Container.php(832): Illuminate\\Container\\Container->build()
#1 /home/runner/work/kv-saas-crm-erp/kv-saas-crm-erp/vendor/laravel/framework/src/Illuminate/Foundation/Application.php(1078): Illuminate\\Container\\Container->resolve()
#2 /home/runner/work/kv-saas-crm-erp/kv-saas-crm-erp/vendor/laravel/framework/src/Illuminate/Container/Container.php(763): Illuminate\\Foundation\\Application->resolve()
#3 /home/runner/work/kv-saas-crm-erp/kv-saas-crm-erp/vendor/laravel/framework/src/Illuminate/Foundation/Application.php(1058): Illuminate\\Container\\Container->make()
#4 /home/runner/work/kv-saas-crm-erp/kv-saas-crm-erp/vendor/laravel/framework/src/Illuminate/Console/Application.php(292): Illuminate\\Foundation\\Application->make()
#5 /home/runner/work/kv-saas-crm-erp/kv-saas-crm-erp/vendor/laravel/framework/src/Illuminate/Console/Application.php(306): Illuminate\\Console\\Application->resolve()
#6 /home/runner/work/kv-saas-crm-erp/kv-saas-crm-erp/vendor/laravel/framework/src/Illuminate/Support/ServiceProvider.php(473): Illuminate\\Console\\Application->resolveCommands()
#7 /home/runner/work/kv-saas-crm-erp/kv-saas-crm-erp/vendor/laravel/framework/src/Illuminate/Console/Application.php(134): Illuminate\\Support\\ServiceProvider->Illuminate\\Support\\{closure}()
#8 /home/runner/work/kv-saas-crm-erp/kv-saas-crm-erp/vendor/laravel/framework/src/Illuminate/Console/Application.php(81): Illuminate\\Console\\Application->bootstrap()
#9 /home/runner/work/kv-saas-crm-erp/kv-saas-crm-erp/vendor/laravel/framework/src/Illuminate/Foundation/Console/Kernel.php(540): Illuminate\\Console\\Application->__construct()
#10 /home/runner/work/kv-saas-crm-erp/kv-saas-crm-erp/vendor/laravel/framework/src/Illuminate/Foundation/Console/Kernel.php(198): Illuminate\\Foundation\\Console\\Kernel->getArtisan()
#11 /home/runner/work/kv-saas-crm-erp/kv-saas-crm-erp/artisan(35): Illuminate\\Foundation\\Console\\Kernel->handle()
#12 {main}

[previous exception] [object] (ReflectionException(code: -1): Class \"Nwidart\\Modules\\Commands\\CommandMakeCommand\" does not exist at /home/runner/work/kv-saas-crm-erp/kv-saas-crm-erp/vendor/laravel/framework/src/Illuminate/Container/Container.php:959)
[stacktrace]
#0 /home/runner/work/kv-saas-crm-erp/kv-saas-crm-erp/vendor/laravel/framework/src/Illuminate/Container/Container.php(959): ReflectionClass->__construct()
#1 /home/runner/work/kv-saas-crm-erp/kv-saas-crm-erp/vendor/laravel/framework/src/Illuminate/Container/Container.php(832): Illuminate\\Container\\Container->build()
#2 /home/runner/work/kv-saas-crm-erp/kv-saas-crm-erp/vendor/laravel/framework/src/Illuminate/Foundation/Application.php(1078): Illuminate\\Container\\Container->resolve()
#3 /home/runner/work/kv-saas-crm-erp/kv-saas-crm-erp/vendor/laravel/framework/src/Illuminate/Container/Container.php(763): Illuminate\\Foundation\\Application->resolve()
#4 /home/runner/work/kv-saas-crm-erp/kv-saas-crm-erp/vendor/laravel/framework/src/Illuminate/Foundation/Application.php(1058): Illuminate\\Container\\Container->make()
#5 /home/runner/work/kv-saas-crm-erp/kv-saas-crm-erp/vendor/laravel/framework/src/Illuminate/Console/Application.php(292): Illuminate\\Foundation\\Application->make()
#6 /home/runner/work/kv-saas-crm-erp/kv-saas-crm-erp/vendor/laravel/framework/src/Illuminate/Console/Application.php(306): Illuminate\\Console\\Application->resolve()
#7 /home/runner/work/kv-saas-crm-erp/kv-saas-crm-erp/vendor/laravel/framework/src/Illuminate/Support/ServiceProvider.php(473): Illuminate\\Console\\Application->resolveCommands()
#8 /home/runner/work/kv-saas-crm-erp/kv-saas-crm-erp/vendor/laravel/framework/src/Illuminate/Console/Application.php(134): Illuminate\\Support\\ServiceProvider->Illuminate\\Support\\{closure}()
#9 /home/runner/work/kv-saas-crm-erp/kv-saas-crm-erp/vendor/laravel/framework/src/Illuminate/Console/Application.php(81): Illuminate\\Console\\Application->bootstrap()
#10 /home/runner/work/kv-saas-crm-erp/kv-saas-crm-erp/vendor/laravel/framework/src/Illuminate/Foundation/Console/Kernel.php(540): Illuminate\\Console\\Application->__construct()
#11 /home/runner/work/kv-saas-crm-erp/kv-saas-crm-erp/vendor/laravel/framework/src/Illuminate/Foundation/Console/Kernel.php(198): Illuminate\\Foundation\\Console\\Kernel->getArtisan()
#12 /home/runner/work/kv-saas-crm-erp/kv-saas-crm-erp/artisan(35): Illuminate\\Foundation\\Console\\Kernel->handle()
#13 {main}
"} 
[2026-02-09 15:08:36] production.ERROR: Class "L5Swagger\Generator" not found {"exception":"[object] (Error(code: 0): Class \"L5Swagger\\Generator\" not found at /home/runner/work/kv-saas-crm-erp/kv-saas-crm-erp/config/l5-swagger.php:165)
[stacktrace]
#0 /home/runner/work/kv-saas-crm-erp/kv-saas-crm-erp/vendor/laravel/framework/src/Illuminate/Foundation/Bootstrap/LoadConfiguration.php(97): require()
#1 /home/runner/work/kv-saas-crm-erp/kv-saas-crm-erp/vendor/laravel/framework/src/Illuminate/Foundation/Bootstrap/LoadConfiguration.php(97): Illuminate\\Foundation\\Bootstrap\\LoadConfiguration->Illuminate\\Foundation\\Bootstrap\\{closure}()
#2 /home/runner/work/kv-saas-crm-erp/kv-saas-crm-erp/vendor/laravel/framework/src/Illuminate/Foundation/Bootstrap/LoadConfiguration.php(78): Illuminate\\Foundation\\Bootstrap\\LoadConfiguration->loadConfigurationFile()
#3 /home/runner/work/kv-saas-crm-erp/kv-saas-crm-erp/vendor/laravel/framework/src/Illuminate/Foundation/Bootstrap/LoadConfiguration.php(39): Illuminate\\Foundation\\Bootstrap\\LoadConfiguration->loadConfigurationFiles()
#4 /home/runner/work/kv-saas-crm-erp/kv-saas-crm-erp/vendor/laravel/framework/src/Illuminate/Foundation/Application.php(342): Illuminate\\Foundation\\Bootstrap\\LoadConfiguration->bootstrap()
#5 /home/runner/work/kv-saas-crm-erp/kv-saas-crm-erp/vendor/laravel/framework/src/Illuminate/Foundation/Console/Kernel.php(474): Illuminate\\Foundation\\Application->bootstrapWith()
#6 /home/runner/work/kv-saas-crm-erp/kv-saas-crm-erp/vendor/laravel/framework/src/Illuminate/Foundation/Console/Kernel.php(196): Illuminate\\Foundation\\Console\\Kernel->bootstrap()
#7 /home/runner/work/kv-saas-crm-erp/kv-saas-crm-erp/artisan(35): Illuminate\\Foundation\\Console\\Kernel->handle()
#8 {main}
"} 
[2026-02-09 15:08:42] production.ERROR: Class "L5Swagger\Generator" not found {"exception":"[object] (Error(code: 0): Class \"L5Swagger\\Generator\" not found at /home/runner/work/kv-saas-crm-erp/kv-saas-crm-erp/config/l5-swagger.php:165)
[stacktrace]
#0 /home/runner/work/kv-saas-crm-erp/kv-saas-crm-erp/vendor/laravel/framework/src/Illuminate/Foundation/Bootstrap/LoadConfiguration.php(97): require()
#1 /home/runner/work/kv-saas-crm-erp/kv-saas-crm-erp/vendor/laravel/framework/src/Illuminate/Foundation/Bootstrap/LoadConfiguration.php(97): Illuminate\\Foundation\\Bootstrap\\LoadConfiguration->Illuminate\\Foundation\\Bootstrap\\{closure}()
#2 /home/runner/work/kv-saas-crm-erp/kv-saas-crm-erp/vendor/laravel/framework/src/Illuminate/Foundation/Bootstrap/LoadConfiguration.php(78): Illuminate\\Foundation\\Bootstrap\\LoadConfiguration->loadConfigurationFile()
#3 /home/runner/work/kv-saas-crm-erp/kv-saas-crm-erp/vendor/laravel/framework/src/Illuminate/Foundation/Bootstrap/LoadConfiguration.php(39): Illuminate\\Foundation\\Bootstrap\\LoadConfiguration->loadConfigurationFiles()
#4 /home/runner/work/kv-saas-crm-erp/kv-saas-crm-erp/vendor/laravel/framework/src/Illuminate/Foundation/Application.php(342): Illuminate\\Foundation\\Bootstrap\\LoadConfiguration->bootstrap()
#5 /home/runner/work/kv-saas-crm-erp/kv-saas-crm-erp/vendor/laravel/framework/src/Illuminate/Foundation/Console/Kernel.php(474): Illuminate\\Foundation\\Application->bootstrapWith()
#6 /home/runner/work/kv-saas-crm-erp/kv-saas-crm-erp/vendor/laravel/framework/src/Illuminate/Foundation/Console/Kernel.php(196): Illuminate\\Foundation\\Console\\Kernel->bootstrap()
#7 /home/runner/work/kv-saas-crm-erp/kv-saas-crm-erp/artisan(35): Illuminate\\Foundation\\Console\\Kernel->handle()
#8 {main}
"} 
[2026-02-09 21:11:37] production.ERROR: Database file at path [/home/runner/work/kv-saas-crm-erp/kv-saas-crm-erp/database/database.sqlite] does not exist. Ensure this is an absolute path to the database. (Connection: sqlite, SQL: select exists (select 1 from sqlite_master where name = 'migrations' and type = 'table') as "exists") {"exception":"[object] (Illuminate\\Database\\QueryException(code: 0): Database file at path [/home/runner/work/kv-saas-crm-erp/kv-saas-crm-erp/database/database.sqlite] does not exist. Ensure this is an absolute path to the database. (Connection: sqlite, SQL: select exists (select 1 from sqlite_master where name = 'migrations' and type = 'table') as \"exists\") at /home/runner/work/kv-saas-crm-erp/kv-saas-crm-erp/vendor/laravel/framework/src/Illuminate/Database/Connection.php:825)
[stacktrace]
#0 /home/runner/work/kv-saas-crm-erp/kv-saas-crm-erp/vendor/laravel/framework/src/Illuminate/Database/Connection.php(779): Illuminate\\Database\\Connection->runQueryCallback()
#1 /home/runner/work/kv-saas-crm-erp/kv-saas-crm-erp/vendor/laravel/framework/src/Illuminate/Database/Connection.php(398): Illuminate\\Database\\Connection->run()
#2 /home/runner/work/kv-saas-crm-erp/kv-saas-crm-erp/vendor/laravel/framework/src/Illuminate/Database/Connection.php(344): Illuminate\\Database\\Connection->select()
#3 /home/runner/work/kv-saas-crm-erp/kv-saas-crm-erp/vendor/laravel/framework/src/Illuminate/Database/Connection.php(361): Illuminate\\Database\\Connection->selectOne()
#4 /home/runner/work/kv-saas-crm-erp/kv-saas-crm-erp/vendor/laravel/framework/src/Illuminate/Database/Schema/SQLiteBuilder.php(44): Illuminate\\Database\\Connection->scalar()
#5 /home/runner/work/kv-saas-crm-erp/kv-saas-crm-erp/vendor/laravel/framework/src/Illuminate/Database/Migrations/DatabaseMigrationRepository.php(184): Illuminate\\Database\\Schema\\SQLiteBuilder->hasTable()
#6 /home/runner/work/kv-saas-crm-erp/kv-saas-crm-erp/vendor/laravel/framework/src/Illuminate/Database/Migrations/Migrator.php(742): Illuminate\\Database\\Migrations\\DatabaseMigrationRepository->repositoryExists()
#7 /home/runner/work/kv-saas-crm-erp/kv-saas-crm-erp/vendor/laravel/framework/src/Illuminate/Database/Console/Migrations/FreshCommand.php(68): Illuminate\\Database\\Migrations\\Migrator->repositoryExists()
#8 /home/runner/work/kv-saas-crm-erp/kv-saas-crm-erp/vendor/laravel/framework/src/Illuminate/Database/Migrations/Migrator.php(658): Illuminate\\Database\\Console\\Migrations\\FreshCommand->Illuminate\\Database\\Console\\Migrations\\{closure}()
#9 /home/runner/work/kv-saas-crm-erp/kv-saas-crm-erp/vendor/laravel/framework/src/Illuminate/Database/Console/Migrations/FreshCommand.php(67): Illuminate\\Database\\Migrations\\Migrator->usingConnection()
#10 /home/runner/work/kv-saas-crm-erp/kv-saas-crm-erp/vendor/laravel/framework/src/Illuminate/Container/BoundMethod.php(36): Illuminate\\Database\\Console\\Migrations\\FreshCommand->handle()
#11 /home/runner/work/kv-saas-crm-erp/kv-saas-crm-erp/vendor/laravel/framework/src/Illuminate/Container/Util.php(43): Illuminate\\Container\\BoundMethod::Illuminate\\Container\\{closure}()
#12 /home/runner/work/kv-saas-crm-erp/kv-saas-crm-erp/vendor/laravel/framework/src/Illuminate/Container/BoundMethod.php(95): Illuminate\\Container\\Util::unwrapIfClosure()
#13 /home/runner/work/kv-saas-crm-erp/kv-saas-crm-erp/vendor/laravel/framework/src/Illuminate/Container/BoundMethod.php(35): Illuminate\\Container\\BoundMethod::callBoundMethod()
#14 /home/runner/work/kv-saas-crm-erp/kv-saas-crm-erp/vendor/laravel/framework/src/Illuminate/Container/Container.php(696): Illuminate\\Container\\BoundMethod::call()
#15 /home/runner/work/kv-saas-crm-erp/kv-saas-crm-erp/vendor/laravel/framework/src/Illuminate/Console/Command.php(213): Illuminate\\Container\\Container->call()
#16 /home/runner/work/kv-saas-crm-erp/kv-saas-crm-erp/vendor/symfony/console/Command/Command.php(341): Illuminate\\Console\\Command->execute()
#17 /home/runner/work/kv-saas-crm-erp/kv-saas-crm-erp/vendor/laravel/framework/src/Illuminate/Console/Command.php(182): Symfony\\Component\\Console\\Command\\Command->run()
#18 /home/runner/work/kv-saas-crm-erp/kv-saas-crm-erp/vendor/symfony/console/Application.php(1102): Illuminate\\Console\\Command->run()
#19 /home/runner/work/kv-saas-crm-erp/kv-saas-crm-erp/vendor/symfony/console/Application.php(356): Symfony\\Component\\Console\\Application->doRunCommand()
#20 /home/runner/work/kv-saas-crm-erp/kv-saas-crm-erp/vendor/symfony/console/Application.php(195): Symfony\\Component\\Console\\Application->doRun()
#21 /home/runner/work/kv-saas-crm-erp/kv-saas-crm-erp/vendor/laravel/framework/src/Illuminate/Foundation/Console/Kernel.php(198): Symfony\\Component\\Console\\Application->run()
#22 /home/runner/work/kv-saas-crm-erp/kv-saas-crm-erp/artisan(35): Illuminate\\Foundation\\Console\\Kernel->handle()
#23 {main}

[previous exception] [object] (Illuminate\\Database\\SQLiteDatabaseDoesNotExistException(code: 0): Database file at path [/home/runner/work/kv-saas-crm-erp/kv-saas-crm-erp/database/database.sqlite] does not exist. Ensure this is an absolute path to the database. at /home/runner/work/kv-saas-crm-erp/kv-saas-crm-erp/vendor/laravel/framework/src/Illuminate/Database/Connectors/SQLiteConnector.php:37)
[stacktrace]
#0 /home/runner/work/kv-saas-crm-erp/kv-saas-crm-erp/vendor/laravel/framework/src/Illuminate/Database/Connectors/ConnectionFactory.php(224): Illuminate\\Database\\Connectors\\SQLiteConnector->connect()
#1 [internal function]: Illuminate\\Database\\Connectors\\ConnectionFactory->Illuminate\\Database\\Connectors\\{closure}()
#2 /home/runner/work/kv-saas-crm-erp/kv-saas-crm-erp/vendor/laravel/framework/src/Illuminate/Database/Connection.php(1231): call_user_func()
#3 /home/runner/work/kv-saas-crm-erp/kv-saas-crm-erp/vendor/laravel/framework/src/Illuminate/Database/Connection.php(1267): Illuminate\\Database\\Connection->getPdo()
#4 /home/runner/work/kv-saas-crm-erp/kv-saas-crm-erp/vendor/laravel/framework/src/Illuminate/Database/Connection.php(512): Illuminate\\Database\\Connection->getReadPdo()
#5 /home/runner/work/kv-saas-crm-erp/kv-saas-crm-erp/vendor/laravel/framework/src/Illuminate/Database/Connection.php(407): Illuminate\\Database\\Connection->getPdoForSelect()
#6 /home/runner/work/kv-saas-crm-erp/kv-saas-crm-erp/vendor/laravel/framework/src/Illuminate/Database/Connection.php(812): Illuminate\\Database\\Connection->Illuminate\\Database\\{closure}()
#7 /home/runner/work/kv-saas-crm-erp/kv-saas-crm-erp/vendor/laravel/framework/src/Illuminate/Database/Connection.php(779): Illuminate\\Database\\Connection->runQueryCallback()
#8 /home/runner/work/kv-saas-crm-erp/kv-saas-crm-erp/vendor/laravel/framework/src/Illuminate/Database/Connection.php(398): Illuminate\\Database\\Connection->run()
#9 /home/runner/work/kv-saas-crm-erp/kv-saas-crm-erp/vendor/laravel/framework/src/Illuminate/Database/Connection.php(344): Illuminate\\Database\\Connection->select()
#10 /home/runner/work/kv-saas-crm-erp/kv-saas-crm-erp/vendor/laravel/framework/src/Illuminate/Database/Connection.php(361): Illuminate\\Database\\Connection->selectOne()
#11 /home/runner/work/kv-saas-crm-erp/kv-saas-crm-erp/vendor/laravel/framework/src/Illuminate/Database/Schema/SQLiteBuilder.php(44): Illuminate\\Database\\Connection->scalar()
#12 /home/runner/work/kv-saas-crm-erp/kv-saas-crm-erp/vendor/laravel/framework/src/Illuminate/Database/Migrations/DatabaseMigrationRepository.php(184): Illuminate\\Database\\Schema\\SQLiteBuilder->hasTable()
#13 /home/runner/work/kv-saas-crm-erp/kv-saas-crm-erp/vendor/laravel/framework/src/Illuminate/Database/Migrations/Migrator.php(742): Illuminate\\Database\\Migrations\\DatabaseMigrationRepository->repositoryExists()
#14 /home/runner/work/kv-saas-crm-erp/kv-saas-crm-erp/vendor/laravel/framework/src/Illuminate/Database/Console/Migrations/FreshCommand.php(68): Illuminate\\Database\\Migrations\\Migrator->repositoryExists()
#15 /home/runner/work/kv-saas-crm-erp/kv-saas-crm-erp/vendor/laravel/framework/src/Illuminate/Database/Migrations/Migrator.php(658): Illuminate\\Database\\Console\\Migrations\\FreshCommand->Illuminate\\Database\\Console\\Migrations\\{closure}()
#16 /home/runner/work/kv-saas-crm-erp/kv-saas-crm-erp/vendor/laravel/framework/src/Illuminate/Database/Console/Migrations/FreshCommand.php(67): Illuminate\\Database\\Migrations\\Migrator->usingConnection()
#17 /home/runner/work/kv-saas-crm-erp/kv-saas-crm-erp/vendor/laravel/framework/src/Illuminate/Container/BoundMethod.php(36): Illuminate\\Database\\Console\\Migrations\\FreshCommand->handle()
#18 /home/runner/work/kv-saas-crm-erp/kv-saas-crm-erp/vendor/laravel/framework/src/Illuminate/Container/Util.php(43): Illuminate\\Container\\BoundMethod::Illuminate\\Container\\{closure}()
#19 /home/runner/work/kv-saas-crm-erp/kv-saas-crm-erp/vendor/laravel/framework/src/Illuminate/Container/BoundMethod.php(95): Illuminate\\Container\\Util::unwrapIfClosure()
#20 /home/runner/work/kv-saas-crm-erp/kv-saas-crm-erp/vendor/laravel/framework/src/Illuminate/Container/BoundMethod.php(35): Illuminate\\Container\\BoundMethod::callBoundMethod()
#21 /home/runner/work/kv-saas-crm-erp/kv-saas-crm-erp/vendor/laravel/framework/src/Illuminate/Container/Container.php(696): Illuminate\\Container\\BoundMethod::call()
#22 /home/runner/work/kv-saas-crm-erp/kv-saas-crm-erp/vendor/laravel/framework/src/Illuminate/Console/Command.php(213): Illuminate\\Container\\Container->call()
#23 /home/runner/work/kv-saas-crm-erp/kv-saas-crm-erp/vendor/symfony/console/Command/Command.php(341): Illuminate\\Console\\Command->execute()
#24 /home/runner/work/kv-saas-crm-erp/kv-saas-crm-erp/vendor/laravel/framework/src/Illuminate/Console/Command.php(182): Symfony\\Component\\Console\\Command\\Command->run()
#25 /home/runner/work/kv-saas-crm-erp/kv-saas-crm-erp/vendor/symfony/console/Application.php(1102): Illuminate\\Console\\Command->run()
#26 /home/runner/work/kv-saas-crm-erp/kv-saas-crm-erp/vendor/symfony/console/Application.php(356): Symfony\\Component\\Console\\Application->doRunCommand()
#27 /home/runner/work/kv-saas-crm-erp/kv-saas-crm-erp/vendor/symfony/console/Application.php(195): Symfony\\Component\\Console\\Application->doRun()
#28 /home/runner/work/kv-saas-crm-erp/kv-saas-crm-erp/vendor/laravel/framework/src/Illuminate/Foundation/Console/Kernel.php(198): Symfony\\Component\\Console\\Application->run()
#29 /home/runner/work/kv-saas-crm-erp/kv-saas-crm-erp/artisan(35): Illuminate\\Foundation\\Console\\Kernel->handle()
#30 {main}
"} 
[2026-02-09 21:36:59] production.ERROR: Class "App\Http\Controllers\Controller" not found {"exception":"[object] (Error(code: 0): Class \"App\\Http\\Controllers\\Controller\" not found at /home/runner/work/kv-saas-crm-erp/kv-saas-crm-erp/Modules/IAM/Http/Controllers/RoleController.php:22)
[stacktrace]
#0 /home/runner/work/kv-saas-crm-erp/kv-saas-crm-erp/vendor/composer/ClassLoader.php(576): include()
#1 /home/runner/work/kv-saas-crm-erp/kv-saas-crm-erp/vendor/composer/ClassLoader.php(427): Composer\\Autoload\\{closure}()
#2 [internal function]: Composer\\Autoload\\ClassLoader->loadClass()
#3 /home/runner/work/kv-saas-crm-erp/kv-saas-crm-erp/vendor/laravel/framework/src/Illuminate/Routing/Route.php(1117): is_a()
#4 /home/runner/work/kv-saas-crm-erp/kv-saas-crm-erp/vendor/laravel/framework/src/Illuminate/Routing/Route.php(1054): Illuminate\\Routing\\Route->controllerMiddleware()
#5 /home/runner/work/kv-saas-crm-erp/kv-saas-crm-erp/vendor/laravel/framework/src/Illuminate/Routing/Router.php(820): Illuminate\\Routing\\Route->gatherMiddleware()
#6 /home/runner/work/kv-saas-crm-erp/kv-saas-crm-erp/vendor/laravel/framework/src/Illuminate/Foundation/Console/RouteListCommand.php(211): Illuminate\\Routing\\Router->gatherRouteMiddleware()
#7 /home/runner/work/kv-saas-crm-erp/kv-saas-crm-erp/vendor/laravel/framework/src/Illuminate/Foundation/Console/RouteListCommand.php(148): Illuminate\\Foundation\\Console\\RouteListCommand->getMiddleware()
#8 /home/runner/work/kv-saas-crm-erp/kv-saas-crm-erp/vendor/laravel/framework/src/Illuminate/Foundation/Console/RouteListCommand.php(118): Illuminate\\Foundation\\Console\\RouteListCommand->getRouteInformation()
#9 [internal function]: Illuminate\\Foundation\\Console\\RouteListCommand->Illuminate\\Foundation\\Console\\{closure}()
#10 /home/runner/work/kv-saas-crm-erp/kv-saas-crm-erp/vendor/laravel/framework/src/Illuminate/Collections/Arr.php(609): array_map()
#11 /home/runner/work/kv-saas-crm-erp/kv-saas-crm-erp/vendor/laravel/framework/src/Illuminate/Collections/Collection.php(799): Illuminate\\Support\\Arr::map()
#12 /home/runner/work/kv-saas-crm-erp/kv-saas-crm-erp/vendor/laravel/framework/src/Illuminate/Foundation/Console/RouteListCommand.php(117): Illuminate\\Support\\Collection->map()
#13 /home/runner/work/kv-saas-crm-erp/kv-saas-crm-erp/vendor/laravel/framework/src/Illuminate/Foundation/Console/RouteListCommand.php(103): Illuminate\\Foundation\\Console\\RouteListCommand->getRoutes()
#14 /home/runner/work/kv-saas-crm-erp/kv-saas-crm-erp/vendor/laravel/framework/src/Illuminate/Container/BoundMethod.php(36): Illuminate\\Foundation\\Console\\RouteListCommand->handle()
#15 /home/runner/work/kv-saas-crm-erp/kv-saas-crm-erp/vendor/laravel/framework/src/Illuminate/Container/Util.php(43): Illuminate\\Container\\BoundMethod::Illuminate\\Container\\{closure}()
#16 /home/runner/work/kv-saas-crm-erp/kv-saas-crm-erp/vendor/laravel/framework/src/Illuminate/Container/BoundMethod.php(95): Illuminate\\Container\\Util::unwrapIfClosure()
#17 /home/runner/work/kv-saas-crm-erp/kv-saas-crm-erp/vendor/laravel/framework/src/Illuminate/Container/BoundMethod.php(35): Illuminate\\Container\\BoundMethod::callBoundMethod()
#18 /home/runner/work/kv-saas-crm-erp/kv-saas-crm-erp/vendor/laravel/framework/src/Illuminate/Container/Container.php(696): Illuminate\\Container\\BoundMethod::call()
#19 /home/runner/work/kv-saas-crm-erp/kv-saas-crm-erp/vendor/laravel/framework/src/Illuminate/Console/Command.php(213): Illuminate\\Container\\Container->call()
#20 /home/runner/work/kv-saas-crm-erp/kv-saas-crm-erp/vendor/symfony/console/Command/Command.php(341): Illuminate\\Console\\Command->execute()
#21 /home/runner/work/kv-saas-crm-erp/kv-saas-crm-erp/vendor/laravel/framework/src/Illuminate/Console/Command.php(182): Symfony\\Component\\Console\\Command\\Command->run()
#22 /home/runner/work/kv-saas-crm-erp/kv-saas-crm-erp/vendor/symfony/console/Application.php(1102): Illuminate\\Console\\Command->run()
#23 /home/runner/work/kv-saas-crm-erp/kv-saas-crm-erp/vendor/symfony/console/Application.php(356): Symfony\\Component\\Console\\Application->doRunCommand()
#24 /home/runner/work/kv-saas-crm-erp/kv-saas-crm-erp/vendor/symfony/console/Application.php(195): Symfony\\Component\\Console\\Application->doRun()
#25 /home/runner/work/kv-saas-crm-erp/kv-saas-crm-erp/vendor/laravel/framework/src/Illuminate/Foundation/Console/Kernel.php(198): Symfony\\Component\\Console\\Application->run()
#26 /home/runner/work/kv-saas-crm-erp/kv-saas-crm-erp/artisan(35): Illuminate\\Foundation\\Console\\Kernel->handle()
#27 {main}
"} 
